This is pdfTeX, Version 3.14159265-2.6-1.40.19 (TeX Live 2018) (preloaded format=pdflatex 2018.12.19)  6 JAN 2021 15:47
entering extended mode
 \write18 enabled.
 file:line:error style messages enabled.
 %&-line parsing enabled.
**pkBeamer.tex
(./pkBeamer.tex
LaTeX2e <2018-12-01>
(/usr/local/texlive/2018/texmf-dist/tex/latex/beamer/beamer.cls
Document Class: beamer 2018/12/02 v3.55 A class for typesetting presentations
(/usr/local/texlive/2018/texmf-dist/tex/latex/beamer/beamerbasemodes.sty
(/usr/local/texlive/2018/texmf-dist/tex/latex/etoolbox/etoolbox.sty
Package: etoolbox 2018/08/19 v2.5f e-TeX tools for LaTeX (JAW)
\etb@tempcnta=\count80
)
\beamer@tempbox=\box27
\beamer@tempcount=\count81
\c@beamerpauses=\count82

(/usr/local/texlive/2018/texmf-dist/tex/latex/beamer/beamerbasedecode.sty
\beamer@slideinframe=\count83
\beamer@minimum=\count84
)
\beamer@commentbox=\box28
\beamer@modecount=\count85
)
(/usr/local/texlive/2018/texmf-dist/tex/generic/oberdiek/ifpdf.sty
Package: ifpdf 2018/09/07 v3.3 Provides the ifpdf switch
)
\headdp=\dimen102
\footheight=\dimen103
\sidebarheight=\dimen104
\beamer@tempdim=\dimen105
\beamer@finalheight=\dimen106
\beamer@animht=\dimen107
\beamer@animdp=\dimen108
\beamer@animwd=\dimen109
\beamer@leftmargin=\dimen110
\beamer@rightmargin=\dimen111
\beamer@leftsidebar=\dimen112
\beamer@rightsidebar=\dimen113
\beamer@boxsize=\dimen114
\beamer@vboxoffset=\dimen115
\beamer@descdefault=\dimen116
\beamer@descriptionwidth=\dimen117
\beamer@lastskip=\skip41
\beamer@areabox=\box29
\beamer@animcurrent=\box30
\beamer@animshowbox=\box31
\beamer@sectionbox=\box32
\beamer@logobox=\box33
\beamer@linebox=\box34
\beamer@sectioncount=\count86
\beamer@subsubsectionmax=\count87
\beamer@subsectionmax=\count88
\beamer@sectionmax=\count89
\beamer@totalheads=\count90
\beamer@headcounter=\count91
\beamer@partstartpage=\count92
\beamer@sectionstartpage=\count93
\beamer@subsectionstartpage=\count94
\beamer@animationtempa=\count95
\beamer@animationtempb=\count96
\beamer@xpos=\count97
\beamer@ypos=\count98
\beamer@ypos@offset=\count99
\beamer@showpartnumber=\count100
\beamer@currentsubsection=\count101
\beamer@coveringdepth=\count102
\beamer@sectionadjust=\count103
\beamer@tocsectionnumber=\count104

(/usr/local/texlive/2018/texmf-dist/tex/latex/beamer/beamerbaseoptions.sty
(/usr/local/texlive/2018/texmf-dist/tex/latex/graphics/keyval.sty
Package: keyval 2014/10/28 v1.15 key=value parser (DPC)
\KV@toks@=\toks14
))
\beamer@paperwidth=\skip42
\beamer@paperheight=\skip43

(/usr/local/texlive/2018/texmf-dist/tex/latex/geometry/geometry.sty
Package: geometry 2018/04/16 v5.8 Page Geometry

(/usr/local/texlive/2018/texmf-dist/tex/generic/oberdiek/ifvtex.sty
Package: ifvtex 2016/05/16 v1.6 Detect VTeX and its facilities (HO)
Package ifvtex Info: VTeX not detected.
)
(/usr/local/texlive/2018/texmf-dist/tex/generic/ifxetex/ifxetex.sty
Package: ifxetex 2010/09/12 v0.6 Provides ifxetex conditional
)
\Gm@cnth=\count105
\Gm@cntv=\count106
\c@Gm@tempcnt=\count107
\Gm@bindingoffset=\dimen118
\Gm@wd@mp=\dimen119
\Gm@odd@mp=\dimen120
\Gm@even@mp=\dimen121
\Gm@layoutwidth=\dimen122
\Gm@layoutheight=\dimen123
\Gm@layouthoffset=\dimen124
\Gm@layoutvoffset=\dimen125
\Gm@dimlist=\toks15
)
(/usr/local/texlive/2018/texmf-dist/tex/latex/base/size11.clo
File: size11.clo 2018/09/03 v1.4i Standard LaTeX file (size option)
)
(/usr/local/texlive/2018/texmf-dist/tex/latex/pgf/basiclayer/pgfcore.sty
(/usr/local/texlive/2018/texmf-dist/tex/latex/graphics/graphicx.sty
Package: graphicx 2017/06/01 v1.1a Enhanced LaTeX Graphics (DPC,SPQR)

(/usr/local/texlive/2018/texmf-dist/tex/latex/graphics/graphics.sty
Package: graphics 2017/06/25 v1.2c Standard LaTeX Graphics (DPC,SPQR)

(/usr/local/texlive/2018/texmf-dist/tex/latex/graphics/trig.sty
Package: trig 2016/01/03 v1.10 sin cos tan (DPC)
)
(/usr/local/texlive/2018/texmf-dist/tex/latex/graphics-cfg/graphics.cfg
File: graphics.cfg 2016/06/04 v1.11 sample graphics configuration
)
Package graphics Info: Driver file: pdftex.def on input line 99.

(/usr/local/texlive/2018/texmf-dist/tex/latex/graphics-def/pdftex.def
File: pdftex.def 2018/01/08 v1.0l Graphics/color driver for pdftex
))
\Gin@req@height=\dimen126
\Gin@req@width=\dimen127
)
(/usr/local/texlive/2018/texmf-dist/tex/latex/pgf/systemlayer/pgfsys.sty
(/usr/local/texlive/2018/texmf-dist/tex/latex/pgf/utilities/pgfrcs.sty
(/usr/local/texlive/2018/texmf-dist/tex/generic/pgf/utilities/pgfutil-common.te
x
\pgfutil@everybye=\toks16
\pgfutil@tempdima=\dimen128
\pgfutil@tempdimb=\dimen129

(/usr/local/texlive/2018/texmf-dist/tex/generic/pgf/utilities/pgfutil-common-li
sts.tex))
(/usr/local/texlive/2018/texmf-dist/tex/generic/pgf/utilities/pgfutil-latex.def
\pgfutil@abb=\box35
(/usr/local/texlive/2018/texmf-dist/tex/latex/ms/everyshi.sty
Package: everyshi 2001/05/15 v3.00 EveryShipout Package (MS)
))
(/usr/local/texlive/2018/texmf-dist/tex/generic/pgf/utilities/pgfrcs.code.tex
Package: pgfrcs 2015/08/07 v3.0.1a (rcs-revision 1.31)
))
(/usr/local/texlive/2018/texmf-dist/tex/generic/pgf/systemlayer/pgfsys.code.tex
Package: pgfsys 2014/07/09 v3.0.1a (rcs-revision 1.48)
(/usr/local/texlive/2018/texmf-dist/tex/generic/pgf/utilities/pgfkeys.code.tex
\pgfkeys@pathtoks=\toks17
\pgfkeys@temptoks=\toks18

(/usr/local/texlive/2018/texmf-dist/tex/generic/pgf/utilities/pgfkeysfiltered.c
ode.tex
\pgfkeys@tmptoks=\toks19
))
\pgf@x=\dimen130
\pgf@y=\dimen131
\pgf@xa=\dimen132
\pgf@ya=\dimen133
\pgf@xb=\dimen134
\pgf@yb=\dimen135
\pgf@xc=\dimen136
\pgf@yc=\dimen137
\w@pgf@writea=\write3
\r@pgf@reada=\read1
\c@pgf@counta=\count108
\c@pgf@countb=\count109
\c@pgf@countc=\count110
\c@pgf@countd=\count111
\t@pgf@toka=\toks20
\t@pgf@tokb=\toks21
\t@pgf@tokc=\toks22

(/usr/local/texlive/2018/texmf-dist/tex/generic/pgf/systemlayer/pgf.cfg
File: pgf.cfg 2008/05/14  (rcs-revision 1.7)
)
Driver file for pgf: pgfsys-pdftex.def

(/usr/local/texlive/2018/texmf-dist/tex/generic/pgf/systemlayer/pgfsys-pdftex.d
ef
File: pgfsys-pdftex.def 2014/10/11  (rcs-revision 1.35)

(/usr/local/texlive/2018/texmf-dist/tex/generic/pgf/systemlayer/pgfsys-common-p
df.def
File: pgfsys-common-pdf.def 2013/10/10  (rcs-revision 1.13)
)))
(/usr/local/texlive/2018/texmf-dist/tex/generic/pgf/systemlayer/pgfsyssoftpath.
code.tex
File: pgfsyssoftpath.code.tex 2013/09/09  (rcs-revision 1.9)
\pgfsyssoftpath@smallbuffer@items=\count112
\pgfsyssoftpath@bigbuffer@items=\count113
)
(/usr/local/texlive/2018/texmf-dist/tex/generic/pgf/systemlayer/pgfsysprotocol.
code.tex
File: pgfsysprotocol.code.tex 2006/10/16  (rcs-revision 1.4)
)) (/usr/local/texlive/2018/texmf-dist/tex/latex/xcolor/xcolor.sty
Package: xcolor 2016/05/11 v2.12 LaTeX color extensions (UK)

(/usr/local/texlive/2018/texmf-dist/tex/latex/graphics-cfg/color.cfg
File: color.cfg 2016/01/02 v1.6 sample color configuration
)
Package xcolor Info: Driver file: pdftex.def on input line 225.
Package xcolor Info: Model `cmy' substituted by `cmy0' on input line 1348.
Package xcolor Info: Model `hsb' substituted by `rgb' on input line 1352.
Package xcolor Info: Model `RGB' extended on input line 1364.
Package xcolor Info: Model `HTML' substituted by `rgb' on input line 1366.
Package xcolor Info: Model `Hsb' substituted by `hsb' on input line 1367.
Package xcolor Info: Model `tHsb' substituted by `hsb' on input line 1368.
Package xcolor Info: Model `HSB' substituted by `hsb' on input line 1369.
Package xcolor Info: Model `Gray' substituted by `gray' on input line 1370.
Package xcolor Info: Model `wave' substituted by `hsb' on input line 1371.
)
(/usr/local/texlive/2018/texmf-dist/tex/generic/pgf/basiclayer/pgfcore.code.tex
Package: pgfcore 2010/04/11 v3.0.1a (rcs-revision 1.7)
(/usr/local/texlive/2018/texmf-dist/tex/generic/pgf/math/pgfmath.code.tex
(/usr/local/texlive/2018/texmf-dist/tex/generic/pgf/math/pgfmathcalc.code.tex
(/usr/local/texlive/2018/texmf-dist/tex/generic/pgf/math/pgfmathutil.code.tex)
(/usr/local/texlive/2018/texmf-dist/tex/generic/pgf/math/pgfmathparser.code.tex
\pgfmath@dimen=\dimen138
\pgfmath@count=\count114
\pgfmath@box=\box36
\pgfmath@toks=\toks23
\pgfmath@stack@operand=\toks24
\pgfmath@stack@operation=\toks25
)
(/usr/local/texlive/2018/texmf-dist/tex/generic/pgf/math/pgfmathfunctions.code.
tex
(/usr/local/texlive/2018/texmf-dist/tex/generic/pgf/math/pgfmathfunctions.basic
.code.tex)
(/usr/local/texlive/2018/texmf-dist/tex/generic/pgf/math/pgfmathfunctions.trigo
nometric.code.tex)
(/usr/local/texlive/2018/texmf-dist/tex/generic/pgf/math/pgfmathfunctions.rando
m.code.tex)
(/usr/local/texlive/2018/texmf-dist/tex/generic/pgf/math/pgfmathfunctions.compa
rison.code.tex)
(/usr/local/texlive/2018/texmf-dist/tex/generic/pgf/math/pgfmathfunctions.base.
code.tex)
(/usr/local/texlive/2018/texmf-dist/tex/generic/pgf/math/pgfmathfunctions.round
.code.tex)
(/usr/local/texlive/2018/texmf-dist/tex/generic/pgf/math/pgfmathfunctions.misc.
code.tex)
(/usr/local/texlive/2018/texmf-dist/tex/generic/pgf/math/pgfmathfunctions.integ
erarithmetics.code.tex)))
(/usr/local/texlive/2018/texmf-dist/tex/generic/pgf/math/pgfmathfloat.code.tex
\c@pgfmathroundto@lastzeros=\count115
))
(/usr/local/texlive/2018/texmf-dist/tex/generic/pgf/basiclayer/pgfcorepoints.co
de.tex
File: pgfcorepoints.code.tex 2013/10/07  (rcs-revision 1.27)
\pgf@picminx=\dimen139
\pgf@picmaxx=\dimen140
\pgf@picminy=\dimen141
\pgf@picmaxy=\dimen142
\pgf@pathminx=\dimen143
\pgf@pathmaxx=\dimen144
\pgf@pathminy=\dimen145
\pgf@pathmaxy=\dimen146
\pgf@xx=\dimen147
\pgf@xy=\dimen148
\pgf@yx=\dimen149
\pgf@yy=\dimen150
\pgf@zx=\dimen151
\pgf@zy=\dimen152
)
(/usr/local/texlive/2018/texmf-dist/tex/generic/pgf/basiclayer/pgfcorepathconst
ruct.code.tex
File: pgfcorepathconstruct.code.tex 2013/10/07  (rcs-revision 1.29)
\pgf@path@lastx=\dimen153
\pgf@path@lasty=\dimen154
)
(/usr/local/texlive/2018/texmf-dist/tex/generic/pgf/basiclayer/pgfcorepathusage
.code.tex
File: pgfcorepathusage.code.tex 2014/11/02  (rcs-revision 1.24)
\pgf@shorten@end@additional=\dimen155
\pgf@shorten@start@additional=\dimen156
)
(/usr/local/texlive/2018/texmf-dist/tex/generic/pgf/basiclayer/pgfcorescopes.co
de.tex
File: pgfcorescopes.code.tex 2015/05/08  (rcs-revision 1.46)
\pgfpic=\box37
\pgf@hbox=\box38
\pgf@layerbox@main=\box39
\pgf@picture@serial@count=\count116
)
(/usr/local/texlive/2018/texmf-dist/tex/generic/pgf/basiclayer/pgfcoregraphicst
ate.code.tex
File: pgfcoregraphicstate.code.tex 2014/11/02  (rcs-revision 1.12)
\pgflinewidth=\dimen157
)
(/usr/local/texlive/2018/texmf-dist/tex/generic/pgf/basiclayer/pgfcoretransform
ations.code.tex
File: pgfcoretransformations.code.tex 2015/08/07  (rcs-revision 1.20)
\pgf@pt@x=\dimen158
\pgf@pt@y=\dimen159
\pgf@pt@temp=\dimen160
)
(/usr/local/texlive/2018/texmf-dist/tex/generic/pgf/basiclayer/pgfcorequick.cod
e.tex
File: pgfcorequick.code.tex 2008/10/09  (rcs-revision 1.3)
)
(/usr/local/texlive/2018/texmf-dist/tex/generic/pgf/basiclayer/pgfcoreobjects.c
ode.tex
File: pgfcoreobjects.code.tex 2006/10/11  (rcs-revision 1.2)
)
(/usr/local/texlive/2018/texmf-dist/tex/generic/pgf/basiclayer/pgfcorepathproce
ssing.code.tex
File: pgfcorepathprocessing.code.tex 2013/09/09  (rcs-revision 1.9)
)
(/usr/local/texlive/2018/texmf-dist/tex/generic/pgf/basiclayer/pgfcorearrows.co
de.tex
File: pgfcorearrows.code.tex 2015/05/14  (rcs-revision 1.43)
\pgfarrowsep=\dimen161
)
(/usr/local/texlive/2018/texmf-dist/tex/generic/pgf/basiclayer/pgfcoreshade.cod
e.tex
File: pgfcoreshade.code.tex 2013/07/15  (rcs-revision 1.15)
\pgf@max=\dimen162
\pgf@sys@shading@range@num=\count117
)
(/usr/local/texlive/2018/texmf-dist/tex/generic/pgf/basiclayer/pgfcoreimage.cod
e.tex
File: pgfcoreimage.code.tex 2013/07/15  (rcs-revision 1.18)

(/usr/local/texlive/2018/texmf-dist/tex/generic/pgf/basiclayer/pgfcoreexternal.
code.tex
File: pgfcoreexternal.code.tex 2014/07/09  (rcs-revision 1.21)
\pgfexternal@startupbox=\box40
))
(/usr/local/texlive/2018/texmf-dist/tex/generic/pgf/basiclayer/pgfcorelayers.co
de.tex
File: pgfcorelayers.code.tex 2013/07/18  (rcs-revision 1.7)
)
(/usr/local/texlive/2018/texmf-dist/tex/generic/pgf/basiclayer/pgfcoretranspare
ncy.code.tex
File: pgfcoretransparency.code.tex 2013/09/30  (rcs-revision 1.5)
)
(/usr/local/texlive/2018/texmf-dist/tex/generic/pgf/basiclayer/pgfcorepatterns.
code.tex
File: pgfcorepatterns.code.tex 2013/11/07  (rcs-revision 1.5)
)))
(/usr/local/texlive/2018/texmf-dist/tex/latex/pgf/utilities/xxcolor.sty
Package: xxcolor 2003/10/24 ver 0.1
\XC@nummixins=\count118
\XC@countmixins=\count119
)
(/usr/local/texlive/2018/texmf-dist/tex/generic/oberdiek/atbegshi.sty
Package: atbegshi 2016/06/09 v1.18 At begin shipout hook (HO)

(/usr/local/texlive/2018/texmf-dist/tex/generic/oberdiek/infwarerr.sty
Package: infwarerr 2016/05/16 v1.4 Providing info/warning/error messages (HO)
)
(/usr/local/texlive/2018/texmf-dist/tex/generic/oberdiek/ltxcmds.sty
Package: ltxcmds 2016/05/16 v1.23 LaTeX kernel commands for general use (HO)
))
(/usr/local/texlive/2018/texmf-dist/tex/latex/hyperref/hyperref.sty
Package: hyperref 2018/11/30 v6.88e Hypertext links for LaTeX

(/usr/local/texlive/2018/texmf-dist/tex/generic/oberdiek/hobsub-hyperref.sty
Package: hobsub-hyperref 2016/05/16 v1.14 Bundle oberdiek, subset hyperref (HO)


(/usr/local/texlive/2018/texmf-dist/tex/generic/oberdiek/hobsub-generic.sty
Package: hobsub-generic 2016/05/16 v1.14 Bundle oberdiek, subset generic (HO)
Package: hobsub 2016/05/16 v1.14 Construct package bundles (HO)
Package hobsub Info: Skipping package `infwarerr' (already loaded).
Package hobsub Info: Skipping package `ltxcmds' (already loaded).
Package: ifluatex 2016/05/16 v1.4 Provides the ifluatex switch (HO)
Package ifluatex Info: LuaTeX not detected.
Package hobsub Info: Skipping package `ifvtex' (already loaded).
Package: intcalc 2016/05/16 v1.2 Expandable calculations with integers (HO)
Package hobsub Info: Skipping package `ifpdf' (already loaded).
Package: etexcmds 2016/05/16 v1.6 Avoid name clashes with e-TeX commands (HO)
Package etexcmds Info: Could not find \expanded.
(etexcmds)             That can mean that you are not using pdfTeX 1.50 or
(etexcmds)             that some package has redefined \expanded.
(etexcmds)             In the latter case, load this package earlier.
Package: kvsetkeys 2016/05/16 v1.17 Key value parser (HO)
Package: kvdefinekeys 2016/05/16 v1.4 Define keys (HO)
Package: pdftexcmds 2018/09/10 v0.29 Utility functions of pdfTeX for LuaTeX (HO
)
Package pdftexcmds Info: LuaTeX not detected.
Package pdftexcmds Info: \pdf@primitive is available.
Package pdftexcmds Info: \pdf@ifprimitive is available.
Package pdftexcmds Info: \pdfdraftmode found.
Package: pdfescape 2016/05/16 v1.14 Implements pdfTeX's escape features (HO)
Package: bigintcalc 2016/05/16 v1.4 Expandable calculations on big integers (HO
)
Package: bitset 2016/05/16 v1.2 Handle bit-vector datatype (HO)
Package: uniquecounter 2016/05/16 v1.3 Provide unlimited unique counter (HO)
)
Package hobsub Info: Skipping package `hobsub' (already loaded).
Package: letltxmacro 2016/05/16 v1.5 Let assignment for LaTeX macros (HO)
Package: hopatch 2016/05/16 v1.3 Wrapper for package hooks (HO)
Package: xcolor-patch 2016/05/16 xcolor patch
Package: atveryend 2016/05/16 v1.9 Hooks at the very end of document (HO)
Package hobsub Info: Skipping package `atbegshi' (already loaded).
Package: refcount 2016/05/16 v3.5 Data extraction from label references (HO)
Package: hycolor 2016/05/16 v1.8 Color options for hyperref/bookmark (HO)
)
(/usr/local/texlive/2018/texmf-dist/tex/latex/oberdiek/auxhook.sty
Package: auxhook 2016/05/16 v1.4 Hooks for auxiliary files (HO)
)
(/usr/local/texlive/2018/texmf-dist/tex/latex/oberdiek/kvoptions.sty
Package: kvoptions 2016/05/16 v3.12 Key value format for package options (HO)
)
\@linkdim=\dimen163
\Hy@linkcounter=\count120
\Hy@pagecounter=\count121

(/usr/local/texlive/2018/texmf-dist/tex/latex/hyperref/pd1enc.def
File: pd1enc.def 2018/11/30 v6.88e Hyperref: PDFDocEncoding definition (HO)
Now handling font encoding PD1 ...
... no UTF-8 mapping file for font encoding PD1
)
\Hy@SavedSpaceFactor=\count122

(/usr/local/texlive/2018/texmf-dist/tex/latex/latexconfig/hyperref.cfg
File: hyperref.cfg 2002/06/06 v1.2 hyperref configuration of TeXLive
)
Package hyperref Info: Option `bookmarks' set `true' on input line 4393.
Package hyperref Info: Option `bookmarksopen' set `true' on input line 4393.
Package hyperref Info: Option `implicit' set `false' on input line 4393.
Package hyperref Info: Hyper figures OFF on input line 4519.
Package hyperref Info: Link nesting OFF on input line 4524.
Package hyperref Info: Hyper index ON on input line 4527.
Package hyperref Info: Plain pages OFF on input line 4534.
Package hyperref Info: Backreferencing OFF on input line 4539.
Package hyperref Info: Implicit mode OFF; no redefinition of LaTeX internals.
Package hyperref Info: Bookmarks ON on input line 4772.
\c@Hy@tempcnt=\count123

(/usr/local/texlive/2018/texmf-dist/tex/latex/url/url.sty
\Urlmuskip=\muskip10
Package: url 2013/09/16  ver 3.4  Verb mode for urls, etc.
)
LaTeX Info: Redefining \url on input line 5125.
\XeTeXLinkMargin=\dimen164
\Fld@menulength=\count124
\Field@Width=\dimen165
\Fld@charsize=\dimen166
Package hyperref Info: Hyper figures OFF on input line 6380.
Package hyperref Info: Link nesting OFF on input line 6385.
Package hyperref Info: Hyper index ON on input line 6388.
Package hyperref Info: backreferencing OFF on input line 6395.
Package hyperref Info: Link coloring OFF on input line 6400.
Package hyperref Info: Link coloring with OCG OFF on input line 6405.
Package hyperref Info: PDF/A mode OFF on input line 6410.
LaTeX Info: Redefining \ref on input line 6450.
LaTeX Info: Redefining \pageref on input line 6454.
\Hy@abspage=\count125


Package hyperref Message: Stopped early.

)
Package hyperref Info: Driver (autodetected): hpdftex.
 (/usr/local/texlive/2018/texmf-dist/tex/latex/hyperref/hpdftex.def
File: hpdftex.def 2018/11/30 v6.88e Hyperref driver for pdfTeX
\Fld@listcount=\count126
\c@bookmark@seq@number=\count127

(/usr/local/texlive/2018/texmf-dist/tex/latex/oberdiek/rerunfilecheck.sty
Package: rerunfilecheck 2016/05/16 v1.8 Rerun checks for auxiliary files (HO)
Package uniquecounter Info: New unique counter `rerunfilecheck' on input line 2
82.
))
(/usr/local/texlive/2018/texmf-dist/tex/latex/beamer/beamerbaserequires.sty
(/usr/local/texlive/2018/texmf-dist/tex/latex/beamer/beamerbasecompatibility.st
y) (/usr/local/texlive/2018/texmf-dist/tex/latex/beamer/beamerbasefont.sty
(/usr/local/texlive/2018/texmf-dist/tex/latex/amsfonts/amssymb.sty
Package: amssymb 2013/01/14 v3.01 AMS font symbols

(/usr/local/texlive/2018/texmf-dist/tex/latex/amsfonts/amsfonts.sty
Package: amsfonts 2013/01/14 v3.01 Basic AMSFonts support
\@emptytoks=\toks26
\symAMSa=\mathgroup4
\symAMSb=\mathgroup5
LaTeX Font Info:    Overwriting math alphabet `\mathfrak' in version `bold'
(Font)                  U/euf/m/n --> U/euf/b/n on input line 106.
))
(/usr/local/texlive/2018/texmf-dist/tex/latex/sansmathaccent/sansmathaccent.sty
Package: sansmathaccent 2013/03/28
(/usr/local/texlive/2018/texmf-dist/tex/latex/filehook/filehook.sty
Package: filehook 2011/10/12 v0.5d Hooks for input files
)))
(/usr/local/texlive/2018/texmf-dist/tex/latex/beamer/beamerbasetranslator.sty
(/usr/local/texlive/2018/texmf-dist/tex/latex/translator/translator.sty
Package: translator 2018/01/04 v1.12 Easy translation of strings in LaTeX
))
(/usr/local/texlive/2018/texmf-dist/tex/latex/beamer/beamerbasemisc.sty)
(/usr/local/texlive/2018/texmf-dist/tex/latex/beamer/beamerbasetwoscreens.sty)
(/usr/local/texlive/2018/texmf-dist/tex/latex/beamer/beamerbaseoverlay.sty
\beamer@argscount=\count128
\beamer@lastskipcover=\skip44
\beamer@trivlistdepth=\count129
)
(/usr/local/texlive/2018/texmf-dist/tex/latex/beamer/beamerbasetitle.sty)
(/usr/local/texlive/2018/texmf-dist/tex/latex/beamer/beamerbasesection.sty
\c@lecture=\count130
\c@part=\count131
\c@section=\count132
\c@subsection=\count133
\c@subsubsection=\count134
)
(/usr/local/texlive/2018/texmf-dist/tex/latex/beamer/beamerbaseframe.sty
\beamer@framebox=\box41
\beamer@frametitlebox=\box42
\beamer@zoombox=\box43
\beamer@zoomcount=\count135
\beamer@zoomframecount=\count136
\beamer@frametextheight=\dimen167
\c@subsectionslide=\count137
\beamer@frametopskip=\skip45
\beamer@framebottomskip=\skip46
\beamer@frametopskipautobreak=\skip47
\beamer@framebottomskipautobreak=\skip48
\beamer@envbody=\toks27
\framewidth=\dimen168
\c@framenumber=\count138
)
(/usr/local/texlive/2018/texmf-dist/tex/latex/beamer/beamerbaseverbatim.sty
\beamer@verbatimfileout=\write4
)
(/usr/local/texlive/2018/texmf-dist/tex/latex/beamer/beamerbaseframesize.sty
\beamer@splitbox=\box44
\beamer@autobreakcount=\count139
\beamer@autobreaklastheight=\dimen169
\beamer@frametitletoks=\toks28
\beamer@framesubtitletoks=\toks29
)
(/usr/local/texlive/2018/texmf-dist/tex/latex/beamer/beamerbaseframecomponents.
sty
\beamer@footins=\box45
) (/usr/local/texlive/2018/texmf-dist/tex/latex/beamer/beamerbasecolor.sty)
(/usr/local/texlive/2018/texmf-dist/tex/latex/beamer/beamerbasenotes.sty
\beamer@frameboxcopy=\box46
)
(/usr/local/texlive/2018/texmf-dist/tex/latex/beamer/beamerbasetoc.sty)
(/usr/local/texlive/2018/texmf-dist/tex/latex/beamer/beamerbasetemplates.sty
\beamer@sbttoks=\toks30

(/usr/local/texlive/2018/texmf-dist/tex/latex/beamer/beamerbaseauxtemplates.sty
(/usr/local/texlive/2018/texmf-dist/tex/latex/beamer/beamerbaseboxes.sty
\bmb@box=\box47
\bmb@colorbox=\box48
\bmb@boxshadow=\box49
\bmb@boxshadowball=\box50
\bmb@boxshadowballlarge=\box51
\bmb@temp=\dimen170
\bmb@dima=\dimen171
\bmb@dimb=\dimen172
\bmb@prevheight=\dimen173
)
\beamer@blockheadheight=\dimen174
))
(/usr/local/texlive/2018/texmf-dist/tex/latex/beamer/beamerbaselocalstructure.s
ty (/usr/local/texlive/2018/texmf-dist/tex/latex/tools/enumerate.sty
Package: enumerate 2015/07/23 v3.00 enumerate extensions (DPC)
\@enLab=\toks31
)
\c@figure=\count140
\c@table=\count141
\abovecaptionskip=\skip49
\belowcaptionskip=\skip50
)
(/usr/local/texlive/2018/texmf-dist/tex/latex/beamer/beamerbasenavigation.sty
\beamer@section@min@dim=\dimen175
)
(/usr/local/texlive/2018/texmf-dist/tex/latex/beamer/beamerbasetheorems.sty
(/usr/local/texlive/2018/texmf-dist/tex/latex/amsmath/amsmath.sty
Package: amsmath 2018/12/01 v2.17b AMS math features
\@mathmargin=\skip51

For additional information on amsmath, use the `?' option.
(/usr/local/texlive/2018/texmf-dist/tex/latex/amsmath/amstext.sty
Package: amstext 2000/06/29 v2.01 AMS text

(/usr/local/texlive/2018/texmf-dist/tex/latex/amsmath/amsgen.sty
File: amsgen.sty 1999/11/30 v2.0 generic functions
\@emptytoks=\toks32
\ex@=\dimen176
))
(/usr/local/texlive/2018/texmf-dist/tex/latex/amsmath/amsbsy.sty
Package: amsbsy 1999/11/29 v1.2d Bold Symbols
\pmbraise@=\dimen177
)
(/usr/local/texlive/2018/texmf-dist/tex/latex/amsmath/amsopn.sty
Package: amsopn 2016/03/08 v2.02 operator names
)
\inf@bad=\count142
LaTeX Info: Redefining \frac on input line 223.
\uproot@=\count143
\leftroot@=\count144
LaTeX Info: Redefining \overline on input line 385.
\classnum@=\count145
\DOTSCASE@=\count146
LaTeX Info: Redefining \ldots on input line 482.
LaTeX Info: Redefining \dots on input line 485.
LaTeX Info: Redefining \cdots on input line 606.
\Mathstrutbox@=\box52
\strutbox@=\box53
\big@size=\dimen178
LaTeX Font Info:    Redeclaring font encoding OML on input line 729.
LaTeX Font Info:    Redeclaring font encoding OMS on input line 730.
\macc@depth=\count147
\c@MaxMatrixCols=\count148
\dotsspace@=\muskip11
\c@parentequation=\count149
\dspbrk@lvl=\count150
\tag@help=\toks33
\row@=\count151
\column@=\count152
\maxfields@=\count153
\andhelp@=\toks34
\eqnshift@=\dimen179
\alignsep@=\dimen180
\tagshift@=\dimen181
\tagwidth@=\dimen182
\totwidth@=\dimen183
\lineht@=\dimen184
\@envbody=\toks35
\multlinegap=\skip52
\multlinetaggap=\skip53
\mathdisplay@stack=\toks36
LaTeX Info: Redefining \[ on input line 2844.
LaTeX Info: Redefining \] on input line 2845.
)
(/usr/local/texlive/2018/texmf-dist/tex/latex/amscls/amsthm.sty
Package: amsthm 2017/10/31 v2.20.4
\thm@style=\toks37
\thm@bodyfont=\toks38
\thm@headfont=\toks39
\thm@notefont=\toks40
\thm@headpunct=\toks41
\thm@preskip=\skip54
\thm@postskip=\skip55
\thm@headsep=\skip56
\dth@everypar=\toks42
)
\c@theorem=\count154
)
(/usr/local/texlive/2018/texmf-dist/tex/latex/beamer/beamerbasethemes.sty))
(/usr/local/texlive/2018/texmf-dist/tex/latex/beamer/beamerthemedefault.sty
(/usr/local/texlive/2018/texmf-dist/tex/latex/beamer/beamerfontthemedefault.sty
)
(/usr/local/texlive/2018/texmf-dist/tex/latex/beamer/beamercolorthemedefault.st
y)
(/usr/local/texlive/2018/texmf-dist/tex/latex/beamer/beamerinnerthemedefault.st
y
\beamer@dima=\dimen185
\beamer@dimb=\dimen186
)
(/usr/local/texlive/2018/texmf-dist/tex/latex/beamer/beamerouterthemedefault.st
y))) (/usr/local/texlive/2018/texmf-dist/tex/generic/babel/babel.sty
Package: babel 2018/11/13 3.27 The Babel package

(/usr/local/texlive/2018/texmf-dist/tex/generic/babel/switch.def
File: switch.def 2018/11/13 3.27 Babel switching mechanism
)
(/usr/local/texlive/2018/texmf-dist/tex/generic/babel-german/ngerman.ldf
Language: ngerman 2018/12/08 v2.11 German support for babel (post-1996 orthogra
phy)

(/usr/local/texlive/2018/texmf-dist/tex/generic/babel-german/ngermanb.ldf
Language: ngermanb 2018/12/08 v2.11 German support for babel (post-1996 orthogr
aphy)

(/usr/local/texlive/2018/texmf-dist/tex/generic/babel/babel.def
File: babel.def 2018/11/13 3.27 Babel common definitions
\babel@savecnt=\count155
\U@D=\dimen187

(/usr/local/texlive/2018/texmf-dist/tex/generic/babel/txtbabel.def)
LaTeX Info: Redefining \textlatin on input line 2003.
\bbl@dirlevel=\count156
)
Package babel Info: Making " an active character on input line 121.
)))
(/usr/local/texlive/2018/texmf-dist/tex/latex/base/inputenc.sty
Package: inputenc 2018/08/11 v1.3c Input encoding file
\inpenc@prehook=\toks43
\inpenc@posthook=\toks44

(/usr/local/texlive/2018/texmf-dist/tex/latex/base/ansinew.def
File: ansinew.def 2018/08/11 v1.3c Input encoding file
))
(/usr/local/texlive/2018/texmf-dist/tex/latex/csquotes/csquotes.sty
Package: csquotes 2018/04/13 v5.2d context-sensitive quotations (JAW)
\csq@reset=\count157
\csq@gtype=\count158
\csq@glevel=\count159
\csq@qlevel=\count160
\csq@maxlvl=\count161
\csq@tshold=\count162
\csq@ltx@everypar=\toks45

(/usr/local/texlive/2018/texmf-dist/tex/latex/csquotes/csquotes.def
File: csquotes.def 2018/04/13 v5.2d csquotes generic definitions (JAW)
)
Package csquotes Info: Trying to load configuration file 'csquotes.cfg'...
Package csquotes Info: ... configuration file loaded successfully.

(/usr/local/texlive/2018/texmf-dist/tex/latex/csquotes/csquotes.cfg
File: csquotes.cfg 
)
Package csquotes Info: Option 'babel' depreciated.
(csquotes)             Using 'autostyle'.
Package csquotes Info: Enabling multilingual quotes.
Package csquotes Info: Redefining alias 'german' -> 'german/quotes'.
)
(/usr/local/texlive/2018/texmf-dist/tex/latex/pdfpages/pdfpages.sty
Package: pdfpages 2017/10/31 v0.5l Insert pages of external PDF documents (AM)

(/usr/local/texlive/2018/texmf-dist/tex/latex/base/ifthen.sty
Package: ifthen 2014/09/29 v1.1c Standard LaTeX ifthen package (DPC)
)
(/usr/local/texlive/2018/texmf-dist/tex/latex/tools/calc.sty
Package: calc 2017/05/25 v4.3 Infix arithmetic (KKT,FJ)
\calc@Acount=\count163
\calc@Bcount=\count164
\calc@Adimen=\dimen188
\calc@Bdimen=\dimen189
\calc@Askip=\skip57
\calc@Bskip=\skip58
LaTeX Info: Redefining \setlength on input line 80.
LaTeX Info: Redefining \addtolength on input line 81.
\calc@Ccount=\count165
\calc@Cskip=\skip59
)
(/usr/local/texlive/2018/texmf-dist/tex/latex/eso-pic/eso-pic.sty
Package: eso-pic 2018/04/12 v2.0h eso-pic (RN)
)
\AM@pagewidth=\dimen190
\AM@pageheight=\dimen191

(/usr/local/texlive/2018/texmf-dist/tex/latex/pdfpages/pppdftex.def
File: pppdftex.def 2017/10/31 v0.5l Pdfpages driver for pdfTeX (AM)
)
\AM@pagebox=\box54
\AM@global@opts=\toks46
\AM@toc@title=\toks47
\c@AM@survey=\count166
\AM@templatesizebox=\box55
)
(./sbox.sty (/usr/local/texlive/2018/texmf-dist/tex/latex/textpos/textpos.sty
Package: textpos 2016/06/07 v1.8

Package: textpos 2016/06/07 1.8, absolute positioning of text on the page
\TP@textbox=\box56
\TP@holdbox=\box57
\TPHorizModule=\dimen192
\TPVertModule=\dimen193
\TP@margin=\dimen194
\TP@absmargin=\dimen195
Grid set 16 x 16 = 22.7622pt x 17.07166pt
\TPboxrulesize=\dimen196
\TP@ox=\dimen197
\TP@oy=\dimen198
\TP@tbargs=\toks48
\TP@prevdepth=\dimen199
TextBlockOrigin set to 0pt x 0pt
) (/usr/local/texlive/2018/texmf-dist/tex/latex/pgf/frontendlayer/tikz.sty
(/usr/local/texlive/2018/texmf-dist/tex/latex/pgf/basiclayer/pgf.sty
Package: pgf 2015/08/07 v3.0.1a (rcs-revision 1.15)

(/usr/local/texlive/2018/texmf-dist/tex/generic/pgf/modules/pgfmoduleshapes.cod
e.tex
File: pgfmoduleshapes.code.tex 2014/03/21  (rcs-revision 1.35)
\pgfnodeparttextbox=\box58
)
(/usr/local/texlive/2018/texmf-dist/tex/generic/pgf/modules/pgfmoduleplot.code.
tex
File: pgfmoduleplot.code.tex 2015/08/03  (rcs-revision 1.13)
)
(/usr/local/texlive/2018/texmf-dist/tex/latex/pgf/compatibility/pgfcomp-version
-0-65.sty
Package: pgfcomp-version-0-65 2007/07/03 v3.0.1a (rcs-revision 1.7)
\pgf@nodesepstart=\dimen256
\pgf@nodesepend=\dimen257
)
(/usr/local/texlive/2018/texmf-dist/tex/latex/pgf/compatibility/pgfcomp-version
-1-18.sty
Package: pgfcomp-version-1-18 2007/07/23 v3.0.1a (rcs-revision 1.1)
))
(/usr/local/texlive/2018/texmf-dist/tex/latex/pgf/utilities/pgffor.sty
(/usr/local/texlive/2018/texmf-dist/tex/latex/pgf/utilities/pgfkeys.sty
(/usr/local/texlive/2018/texmf-dist/tex/generic/pgf/utilities/pgfkeys.code.tex)
) (/usr/local/texlive/2018/texmf-dist/tex/latex/pgf/math/pgfmath.sty
(/usr/local/texlive/2018/texmf-dist/tex/generic/pgf/math/pgfmath.code.tex))
(/usr/local/texlive/2018/texmf-dist/tex/generic/pgf/utilities/pgffor.code.tex
Package: pgffor 2013/12/13 v3.0.1a (rcs-revision 1.25)

(/usr/local/texlive/2018/texmf-dist/tex/generic/pgf/math/pgfmath.code.tex)
\pgffor@iter=\dimen258
\pgffor@skip=\dimen259
\pgffor@stack=\toks49
\pgffor@toks=\toks50
))
(/usr/local/texlive/2018/texmf-dist/tex/generic/pgf/frontendlayer/tikz/tikz.cod
e.tex
Package: tikz 2015/08/07 v3.0.1a (rcs-revision 1.151)

(/usr/local/texlive/2018/texmf-dist/tex/generic/pgf/libraries/pgflibraryplothan
dlers.code.tex
File: pgflibraryplothandlers.code.tex 2013/08/31 v3.0.1a (rcs-revision 1.20)
\pgf@plot@mark@count=\count167
\pgfplotmarksize=\dimen260
)
\tikz@lastx=\dimen261
\tikz@lasty=\dimen262
\tikz@lastxsaved=\dimen263
\tikz@lastysaved=\dimen264
\tikzleveldistance=\dimen265
\tikzsiblingdistance=\dimen266
\tikz@figbox=\box59
\tikz@figbox@bg=\box60
\tikz@tempbox=\box61
\tikz@tempbox@bg=\box62
\tikztreelevel=\count168
\tikznumberofchildren=\count169
\tikznumberofcurrentchild=\count170
\tikz@fig@count=\count171

(/usr/local/texlive/2018/texmf-dist/tex/generic/pgf/modules/pgfmodulematrix.cod
e.tex
File: pgfmodulematrix.code.tex 2013/09/17  (rcs-revision 1.8)
\pgfmatrixcurrentrow=\count172
\pgfmatrixcurrentcolumn=\count173
\pgf@matrix@numberofcolumns=\count174
)
\tikz@expandcount=\count175

(/usr/local/texlive/2018/texmf-dist/tex/generic/pgf/frontendlayer/tikz/librarie
s/tikzlibrarytopaths.code.tex
File: tikzlibrarytopaths.code.tex 2008/06/17 v3.0.1a (rcs-revision 1.2)
)))
(/usr/local/texlive/2018/texmf-dist/tex/latex/tools/verbatim.sty
Package: verbatim 2014/10/28 v1.5q LaTeX2e package for verbatim enhancements
\every@verbatim=\toks51
\verbatim@line=\toks52
\verbatim@in@stream=\read2
)
\boxw=\skip60
\boxh=\skip61
\shadowsize=\skip62
\boxroundness=\skip63
\tmpa=\skip64
\shadowblockbox=\box63
)
(/usr/local/texlive/2018/texmf-dist/tex/latex/currfile/currfile.sty
Package: currfile 2015/04/23 v0.7c Provides the file path elements of the curre
nt input file
\c@currfiledepth=\count176
)
Package csquotes Info: Checking for multilingual support...
Package csquotes Info: ... found 'babel' package.

(./pkBeamer.aux

LaTeX Warning: Label `hypno<4>' multiply defined.


LaTeX Warning: Label `hypno<4>' multiply defined.

)
\openout1 = `pkBeamer.aux'.

LaTeX Font Info:    Checking defaults for OML/cmm/m/it on input line 36.
LaTeX Font Info:    ... okay on input line 36.
LaTeX Font Info:    Checking defaults for T1/cmr/m/n on input line 36.
LaTeX Font Info:    ... okay on input line 36.
LaTeX Font Info:    Checking defaults for OT1/cmr/m/n on input line 36.
LaTeX Font Info:    ... okay on input line 36.
LaTeX Font Info:    Checking defaults for OMS/cmsy/m/n on input line 36.
LaTeX Font Info:    ... okay on input line 36.
LaTeX Font Info:    Checking defaults for OMX/cmex/m/n on input line 36.
LaTeX Font Info:    ... okay on input line 36.
LaTeX Font Info:    Checking defaults for U/cmr/m/n on input line 36.
LaTeX Font Info:    ... okay on input line 36.
LaTeX Font Info:    Checking defaults for PD1/pdf/m/n on input line 36.
LaTeX Font Info:    ... okay on input line 36.

*geometry* driver: auto-detecting
*geometry* detected driver: pdftex
*geometry* verbose mode - [ preamble ] result:
* driver: pdftex
* paper: custom
* layout: <same size as paper>
* layoutoffset:(h,v)=(0.0pt,0.0pt)
* modes: includehead includefoot 
* h-part:(L,W,R)=(28.45274pt, 307.28987pt, 28.45274pt)
* v-part:(T,H,B)=(0.0pt, 273.14662pt, 0.0pt)
* \paperwidth=364.19536pt
* \paperheight=273.14662pt
* \textwidth=307.28987pt
* \textheight=244.6939pt
* \oddsidemargin=-43.81725pt
* \evensidemargin=-43.81725pt
* \topmargin=-72.26999pt
* \headheight=14.22636pt
* \headsep=0.0pt
* \topskip=11.0pt
* \footskip=14.22636pt
* \marginparwidth=4.0pt
* \marginparsep=10.0pt
* \columnsep=10.0pt
* \skip\footins=10.0pt plus 4.0pt minus 2.0pt
* \hoffset=0.0pt
* \voffset=0.0pt
* \mag=1000
* \@twocolumnfalse
* \@twosidefalse
* \@mparswitchfalse
* \@reversemarginfalse
* (1in=72.27pt=25.4mm, 1cm=28.453pt)

(/usr/local/texlive/2018/texmf-dist/tex/context/base/mkii/supp-pdf.mkii
[Loading MPS to PDF converter (version 2006.09.02).]
\scratchcounter=\count177
\scratchdimen=\dimen267
\scratchbox=\box64
\nofMPsegments=\count178
\nofMParguments=\count179
\everyMPshowfont=\toks53
\MPscratchCnt=\count180
\MPscratchDim=\dimen268
\MPnumerator=\count181
\makeMPintoPDFobject=\count182
\everyMPtoPDFconversion=\toks54
) (/usr/local/texlive/2018/texmf-dist/tex/latex/oberdiek/epstopdf-base.sty
Package: epstopdf-base 2016/05/15 v2.6 Base part for package epstopdf

(/usr/local/texlive/2018/texmf-dist/tex/latex/oberdiek/grfext.sty
Package: grfext 2016/05/16 v1.2 Manage graphics extensions (HO)
)
Package epstopdf-base Info: Redefining graphics rule for `.eps' on input line 4
38.
Package grfext Info: Graphics extension search list:
(grfext)             [.pdf,.png,.jpg,.mps,.jpeg,.jbig2,.jb2,.PDF,.PNG,.JPG,.JPE
G,.JBIG2,.JB2,.eps]
(grfext)             \AppendGraphicsExtensions on input line 456.

(/usr/local/texlive/2018/texmf-dist/tex/latex/latexconfig/epstopdf-sys.cfg
File: epstopdf-sys.cfg 2010/07/13 v1.3 Configuration of (r)epstopdf for TeX Liv
e
))
ABD: EveryShipout initializing macros
\AtBeginShipoutBox=\box65
Package hyperref Info: Link coloring OFF on input line 36.

(/usr/local/texlive/2018/texmf-dist/tex/latex/hyperref/nameref.sty
Package: nameref 2016/05/21 v2.44 Cross-referencing by name of section

(/usr/local/texlive/2018/texmf-dist/tex/generic/oberdiek/gettitlestring.sty
Package: gettitlestring 2016/05/16 v1.5 Cleanup title references (HO)
)
\c@section@level=\count183
)
LaTeX Info: Redefining \ref on input line 36.
LaTeX Info: Redefining \pageref on input line 36.
LaTeX Info: Redefining \nameref on input line 36.

(./pkBeamer.out) (./pkBeamer.out)
\@outlinefile=\write5
\openout5 = `pkBeamer.out'.

LaTeX Font Info:    Overwriting symbol font `operators' in version `normal'
(Font)                  OT1/cmr/m/n --> OT1/cmss/m/n on input line 36.
LaTeX Font Info:    Overwriting symbol font `operators' in version `bold'
(Font)                  OT1/cmr/bx/n --> OT1/cmss/bx/n on input line 36.
\symnumbers=\mathgroup6
\sympureletters=\mathgroup7
LaTeX Font Info:    Overwriting math alphabet `\mathrm' in version `normal'
(Font)                  OT1/cmss/m/n --> OT1/cmr/m/n on input line 36.
LaTeX Font Info:    Redeclaring math alphabet \mathbf on input line 36.
LaTeX Font Info:    Overwriting math alphabet `\mathbf' in version `normal'
(Font)                  OT1/cmr/bx/n --> OT1/cmss/bx/n on input line 36.
LaTeX Font Info:    Overwriting math alphabet `\mathbf' in version `bold'
(Font)                  OT1/cmr/bx/n --> OT1/cmss/bx/n on input line 36.
LaTeX Font Info:    Redeclaring math alphabet \mathsf on input line 36.
LaTeX Font Info:    Overwriting math alphabet `\mathsf' in version `normal'
(Font)                  OT1/cmss/m/n --> OT1/cmss/m/n on input line 36.
LaTeX Font Info:    Overwriting math alphabet `\mathsf' in version `bold'
(Font)                  OT1/cmss/bx/n --> OT1/cmss/m/n on input line 36.
LaTeX Font Info:    Redeclaring math alphabet \mathit on input line 36.
LaTeX Font Info:    Overwriting math alphabet `\mathit' in version `normal'
(Font)                  OT1/cmr/m/it --> OT1/cmss/m/it on input line 36.
LaTeX Font Info:    Overwriting math alphabet `\mathit' in version `bold'
(Font)                  OT1/cmr/bx/it --> OT1/cmss/m/it on input line 36.
LaTeX Font Info:    Redeclaring math alphabet \mathtt on input line 36.
LaTeX Font Info:    Overwriting math alphabet `\mathtt' in version `normal'
(Font)                  OT1/cmtt/m/n --> OT1/cmtt/m/n on input line 36.
LaTeX Font Info:    Overwriting math alphabet `\mathtt' in version `bold'
(Font)                  OT1/cmtt/m/n --> OT1/cmtt/m/n on input line 36.
LaTeX Font Info:    Overwriting symbol font `numbers' in version `bold'
(Font)                  OT1/cmss/m/n --> OT1/cmss/bx/n on input line 36.
LaTeX Font Info:    Overwriting symbol font `pureletters' in version `bold'
(Font)                  OT1/cmss/m/it --> OT1/cmss/bx/it on input line 36.
LaTeX Font Info:    Overwriting math alphabet `\mathrm' in version `bold'
(Font)                  OT1/cmss/bx/n --> OT1/cmr/bx/n on input line 36.
LaTeX Font Info:    Overwriting math alphabet `\mathbf' in version `bold'
(Font)                  OT1/cmss/bx/n --> OT1/cmss/bx/n on input line 36.
LaTeX Font Info:    Overwriting math alphabet `\mathsf' in version `bold'
(Font)                  OT1/cmss/m/n --> OT1/cmss/bx/n on input line 36.
LaTeX Font Info:    Overwriting math alphabet `\mathit' in version `bold'
(Font)                  OT1/cmss/m/it --> OT1/cmss/bx/it on input line 36.
LaTeX Font Info:    Overwriting math alphabet `\mathtt' in version `bold'
(Font)                  OT1/cmtt/m/n --> OT1/cmtt/bx/n on input line 36.
LaTeX Font Info:    Redeclaring symbol font `pureletters' on input line 36.
LaTeX Font Info:    Overwriting symbol font `pureletters' in version `normal'
(Font)                  OT1/cmss/m/it --> OT1/mathkerncmss/m/sl on input line 3
6.
LaTeX Font Info:    Overwriting symbol font `pureletters' in version `bold'
(Font)                  OT1/cmss/bx/it --> OT1/mathkerncmss/m/sl on input line 
36.
LaTeX Font Info:    Overwriting symbol font `pureletters' in version `bold'
(Font)                  OT1/mathkerncmss/m/sl --> OT1/mathkerncmss/bx/sl on inp
ut line 36.

(/usr/local/texlive/2018/texmf-dist/tex/latex/translator/translator-basic-dicti
onary-English.dict
Dictionary: translator-basic-dictionary, Language: English 
)
(/usr/local/texlive/2018/texmf-dist/tex/latex/translator/translator-bibliograph
y-dictionary-English.dict
Dictionary: translator-bibliography-dictionary, Language: English 
)
(/usr/local/texlive/2018/texmf-dist/tex/latex/translator/translator-environment
-dictionary-English.dict
Dictionary: translator-environment-dictionary, Language: English 
)
(/usr/local/texlive/2018/texmf-dist/tex/latex/translator/translator-months-dict
ionary-English.dict
Dictionary: translator-months-dictionary, Language: English 
)
(/usr/local/texlive/2018/texmf-dist/tex/latex/translator/translator-numbers-dic
tionary-English.dict
Dictionary: translator-numbers-dictionary, Language: English 
)
(/usr/local/texlive/2018/texmf-dist/tex/latex/translator/translator-theorem-dic
tionary-English.dict
Dictionary: translator-theorem-dictionary, Language: English 
)
(/usr/local/texlive/2018/texmf-dist/tex/latex/oberdiek/pdflscape.sty
Package: pdflscape 2016/05/14 v0.11 Display of landscape pages in PDF (HO)

(/usr/local/texlive/2018/texmf-dist/tex/latex/graphics/lscape.sty
Package: lscape 2000/10/22 v3.01 Landscape Pages (DPC)
)
Package pdflscape Info: Auto-detected driver: pdftex on input line 81.
)
(./pkBeamer.nav) (./slides.tex (./ein.tex
LaTeX Font Info:    Try loading font information for U+msa on input line 47.

(/usr/local/texlive/2018/texmf-dist/tex/latex/amsfonts/umsa.fd
File: umsa.fd 2013/01/14 v3.01 AMS symbols A
)
LaTeX Font Info:    Try loading font information for U+msb on input line 47.

(/usr/local/texlive/2018/texmf-dist/tex/latex/amsfonts/umsb.fd
File: umsb.fd 2013/01/14 v3.01 AMS symbols B
)
LaTeX Font Info:    Try loading font information for OT1+mathkerncmss on input 
line 47.

(/usr/local/texlive/2018/texmf-dist/tex/latex/sansmathaccent/ot1mathkerncmss.fd
File: ot1mathkerncmss.fd 2013/03/27 Fontinst v1.933 font definitions for OT1/ma
thkerncmss.
)
Overfull \hbox (11.65988pt too wide) in paragraph at lines 47--47
[]\OT1/cmss/m/n/4 ein.tex[]  
 []

[1

{/usr/local/texlive/2018/texmf-var/fonts/map/pdftex/updmap/pdftex.map}]
Overfull \hbox (11.65988pt too wide) in paragraph at lines 47--47
[]\OT1/cmss/m/n/4 ein.tex[]  
 []

[2

]
Overfull \hbox (11.65988pt too wide) in paragraph at lines 47--47
[]\OT1/cmss/m/n/4 ein.tex[]  
 []

[3

]
Overfull \hbox (11.65988pt too wide) in paragraph at lines 47--47
[]\OT1/cmss/m/n/4 ein.tex[]  
 []

[4

]
Overfull \hbox (11.65988pt too wide) in paragraph at lines 47--47
[]\OT1/cmss/m/n/4 ein.tex[]  
 []

[5

]
Overfull \hbox (11.65988pt too wide) in paragraph at lines 80--80
[]\OT1/cmss/m/n/4 ein.tex[]  
 []

[6

]
Overfull \hbox (11.65988pt too wide) in paragraph at lines 80--80
[]\OT1/cmss/m/n/4 ein.tex[]  
 []

[7

]
Overfull \hbox (11.65988pt too wide) in paragraph at lines 80--80
[]\OT1/cmss/m/n/4 ein.tex[]  
 []

[8

]
Overfull \hbox (11.65988pt too wide) in paragraph at lines 80--80
[]\OT1/cmss/m/n/4 ein.tex[]  
 []

[9

]
Overfull \hbox (11.65988pt too wide) in paragraph at lines 80--80
[]\OT1/cmss/m/n/4 ein.tex[]  
 []

[10

]
<../figures/dose_domains.jpg, id=161, 303.0522pt x 214.401pt>
File: ../figures/dose_domains.jpg Graphic file (type jpg)
<use ../figures/dose_domains.jpg>
Package pdftex.def Info: ../figures/dose_domains.jpg  used on input line 92.
(pdftex.def)             Requested size: 269.14662pt x 190.42369pt.

Overfull \hbox (11.65988pt too wide) in paragraph at lines 92--92
\OT1/cmss/m/n/4 ein.tex[]  
 []

[11

 <../figures/dose_domains.jpg>]) (./s1.tex
Overfull \hbox (10.3168pt too wide) in paragraph at lines 32--32
[]\OT1/cmss/m/n/4 s1.tex[]  
 []

[12

]
Overfull \hbox (10.3168pt too wide) in paragraph at lines 32--32
[]\OT1/cmss/m/n/4 s1.tex[]  
 []

[13

]) (./s2.tex
Overfull \hbox (10.3168pt too wide) in paragraph at lines 49--49
\OT1/cmss/m/n/4 s2.tex[]  
 []

[14

]
Overfull \hbox (10.3168pt too wide) in paragraph at lines 49--49
\OT1/cmss/m/n/4 s2.tex[]  
 []

[15

]) (./s3.tex
Overfull \hbox (10.3168pt too wide) in paragraph at lines 30--30
[]\OT1/cmss/m/n/4 s3.tex[]  
 []

[16

]
Overfull \hbox (10.3168pt too wide) in paragraph at lines 30--30
[]\OT1/cmss/m/n/4 s3.tex[]  
 []

[17

]
Overfull \hbox (10.3168pt too wide) in paragraph at lines 30--30
[]\OT1/cmss/m/n/4 s3.tex[]  
 []

[18

]) (./s4.tex
Missing character: There is no ; in font nullfont!

Overfull \hbox (10.3168pt too wide) in paragraph at lines 39--39
[]\OT1/cmss/m/n/4 s4.tex[]  
 []

[19

]) (./s5.tex
Missing character: There is no ; in font nullfont!

Overfull \hbox (10.3168pt too wide) in paragraph at lines 34--34
[]\OT1/cmss/m/n/4 s5.tex[]  
 []

[20

]
Missing character: There is no ; in font nullfont!

Overfull \hbox (10.3168pt too wide) in paragraph at lines 89--89
[]\OT1/cmss/m/n/4 s5.tex[]  
 []

[21

] [22

]) (./s6.tex
Overfull \hbox (10.3168pt too wide) in paragraph at lines 28--28
\OT1/cmss/m/n/4 s6.tex[]  
 []

[23

]
Overfull \hbox (10.3168pt too wide) in paragraph at lines 28--28
\OT1/cmss/m/n/4 s6.tex[]  
 []

[24

]
Overfull \hbox (10.3168pt too wide) in paragraph at lines 28--28
\OT1/cmss/m/n/4 s6.tex[]  
 []

[25

]
Overfull \hbox (10.3168pt too wide) in paragraph at lines 61--61
[]\OT1/cmss/m/n/4 s6.tex[]  
 []

[26

]
Overfull \hbox (10.3168pt too wide) in paragraph at lines 61--61
[]\OT1/cmss/m/n/4 s6.tex[]  
 []

[27

]
Overfull \hbox (10.3168pt too wide) in paragraph at lines 61--61
[]\OT1/cmss/m/n/4 s6.tex[]  
 []

[28

]
Overfull \hbox (10.3168pt too wide) in paragraph at lines 61--61
[]\OT1/cmss/m/n/4 s6.tex[]  
 []

[29

]) (./s7.tex
Overfull \hbox (10.3168pt too wide) in paragraph at lines 15--15
\OT1/cmss/m/n/4 s7.tex[]  
 []

[30

]
Overfull \hbox (10.3168pt too wide) in paragraph at lines 15--15
\OT1/cmss/m/n/4 s7.tex[]  
 []

[31

] [32

] [33

]) (./s8.tex
Overfull \hbox (10.3168pt too wide) in paragraph at lines 21--21
\OT1/cmss/m/n/4 s8.tex[]  
 []

[34

]
Overfull \hbox (10.3168pt too wide) in paragraph at lines 21--21
\OT1/cmss/m/n/4 s8.tex[]  
 []

[35

])) (./slides2.tex (./s12.tex [36

] [37

] [38

] [39

] [40

] [41

]
Missing character: There is no ; in font nullfont!

Overfull \hbox (12.44183pt too wide) in paragraph at lines 75--75
[]\OT1/cmss/m/n/4 s12.tex[]  
 []

[42

]
Overfull \hbox (12.44183pt too wide) in paragraph at lines 110--110
[]\OT1/cmss/m/n/4 s12.tex[]  
 []

[43

] [44

]
Overfull \hbox (12.44183pt too wide) in paragraph at lines 161--161
\OT1/cmss/m/n/4 s12.tex[]  
 []

[45

]) (./pd.tex [46

]

pdfTeX warning: pdflatex (file ./pd2.pdf): PDF inclusion: found PDF version <1.
6>, but at most version <1.5> allowed
<./pd2.pdf, id=355, 600.71527pt x 398.64534pt>
File: ./pd2.pdf Graphic file (type pdf)
<use ./pd2.pdf>
Package pdftex.def Info: ./pd2.pdf  used on input line 53.
(pdftex.def)             Requested size: 245.83282pt x 163.1415pt.
[47

 <./pd2.pdf>]) (./releDecr.tex
Missing character: There is no ; in font nullfont!

Overfull \hbox (21.10445pt too wide) in paragraph at lines 31--31
[]\OT1/cmss/m/n/4 releDecr.tex[]  
 []

[48

]) (./s9.tex
Missing character: There is no ; in font nullfont!

Overfull \hbox (10.3168pt too wide) in paragraph at lines 37--37
[]\OT1/cmss/m/n/4 s9.tex[]  
 []

[49

]
Overfull \hbox (10.3168pt too wide) in paragraph at lines 71--71
\OT1/cmss/m/n/4 s9.tex[]  
 []

[50

]
Overfull \hbox (10.3168pt too wide) in paragraph at lines 71--71
\OT1/cmss/m/n/4 s9.tex[]  
 []

[51

]
Overfull \hbox (10.3168pt too wide) in paragraph at lines 71--71
\OT1/cmss/m/n/4 s9.tex[]  
 []

[52

]
Overfull \hbox (10.3168pt too wide) in paragraph at lines 71--71
\OT1/cmss/m/n/4 s9.tex[]  
 []

[53

]
<./receptor/receptorOn1.png, id=408, 256.07086pt x 208.55771pt>
File: ./receptor/receptorOn1.png Graphic file (type png)
<use ./receptor/receptorOn1.png>
Package pdftex.def Info: ./receptor/receptorOn1.png  used on input line 106.
(pdftex.def)             Requested size: 276.559pt x 225.2485pt.
 [54

 <./receptor/receptorOn1.png>]
<./receptor/receptorOn2.png, id=418, 256.07086pt x 208.55771pt>
File: ./receptor/receptorOn2.png Graphic file (type png)
<use ./receptor/receptorOn2.png>
Package pdftex.def Info: ./receptor/receptorOn2.png  used on input line 106.
(pdftex.def)             Requested size: 276.559pt x 225.2485pt.
 [55

 <./receptor/receptorOn2.png>]
<./receptor/receptorOn3.png, id=428, 256.07086pt x 208.55771pt>
File: ./receptor/receptorOn3.png Graphic file (type png)
<use ./receptor/receptorOn3.png>
Package pdftex.def Info: ./receptor/receptorOn3.png  used on input line 106.
(pdftex.def)             Requested size: 276.559pt x 225.2485pt.

[56

 <./receptor/receptorOn3.png>]
<./receptor/receptorOn4.png, id=437, 256.07086pt x 208.55771pt>
File: ./receptor/receptorOn4.png Graphic file (type png)
<use ./receptor/receptorOn4.png>
Package pdftex.def Info: ./receptor/receptorOn4.png  used on input line 106.
(pdftex.def)             Requested size: 276.559pt x 225.2485pt.
 [57

 <./receptor/receptorOn4.png>]
<./receptor/receptorOn5a.png, id=447, 256.07086pt x 208.55771pt>
File: ./receptor/receptorOn5a.png Graphic file (type png)
<use ./receptor/receptorOn5a.png>
Package pdftex.def Info: ./receptor/receptorOn5a.png  used on input line 106.
(pdftex.def)             Requested size: 276.559pt x 225.2485pt.
 [58

 <./receptor/receptorOn5a.png>]
<./receptor/receptorOn5.png, id=456, 256.07086pt x 208.55771pt>
File: ./receptor/receptorOn5.png Graphic file (type png)
<use ./receptor/receptorOn5.png>
Package pdftex.def Info: ./receptor/receptorOn5.png  used on input line 106.
(pdftex.def)             Requested size: 276.559pt x 225.2485pt.
 [59

 <./receptor/receptorOn5.png>]
<./receptor/receptorOff1.png, id=465, 256.07086pt x 208.55771pt>
File: ./receptor/receptorOff1.png Graphic file (type png)
<use ./receptor/receptorOff1.png>
Package pdftex.def Info: ./receptor/receptorOff1.png  used on input line 130.
(pdftex.def)             Requested size: 276.559pt x 225.2485pt.
 [60

 <./receptor/receptorOff1.png>]
<./receptor/receptorOff2.png, id=474, 256.07086pt x 208.55771pt>
File: ./receptor/receptorOff2.png Graphic file (type png)
<use ./receptor/receptorOff2.png>
Package pdftex.def Info: ./receptor/receptorOff2.png  used on input line 130.
(pdftex.def)             Requested size: 276.559pt x 225.2485pt.
 [61

 <./receptor/receptorOff2.png>]
<./receptor/receptorOff3.png, id=484, 256.07086pt x 208.55771pt>
File: ./receptor/receptorOff3.png Graphic file (type png)
<use ./receptor/receptorOff3.png>
Package pdftex.def Info: ./receptor/receptorOff3.png  used on input line 130.
(pdftex.def)             Requested size: 276.559pt x 225.2485pt.
 [62

 <./receptor/receptorOff3.png>]
<./receptor/receptorOff4.png, id=493, 256.07086pt x 208.55771pt>
File: ./receptor/receptorOff4.png Graphic file (type png)
<use ./receptor/receptorOff4.png>
Package pdftex.def Info: ./receptor/receptorOff4.png  used on input line 130.
(pdftex.def)             Requested size: 276.559pt x 225.2485pt.
 [63

 <./receptor/receptorOff4.png>]
<./receptor/receptorOff5.png, id=502, 256.07086pt x 208.55771pt>
File: ./receptor/receptorOff5.png Graphic file (type png)
<use ./receptor/receptorOff5.png>
Package pdftex.def Info: ./receptor/receptorOff5.png  used on input line 130.
(pdftex.def)             Requested size: 276.559pt x 225.2485pt.
 [64

 <./receptor/receptorOff5.png>]
<./receptor/receptorOff6.png, id=511, 256.07086pt x 208.55771pt>
File: ./receptor/receptorOff6.png Graphic file (type png)
<use ./receptor/receptorOff6.png>
Package pdftex.def Info: ./receptor/receptorOff6.png  used on input line 130.
(pdftex.def)             Requested size: 276.559pt x 225.2485pt.

[65

 <./receptor/receptorOff6.png>]
<./receptor/receptorOff7.png, id=520, 256.07086pt x 208.55771pt>
File: ./receptor/receptorOff7.png Graphic file (type png)
<use ./receptor/receptorOff7.png>
Package pdftex.def Info: ./receptor/receptorOff7.png  used on input line 130.
(pdftex.def)             Requested size: 276.559pt x 225.2485pt.
 [66

 <./receptor/receptorOff7.png>]

Package hyperref Warning: Token not allowed in a PDF string (PDFDocEncoding):
(hyperref)                removing `math shift' on input line 139.


Package hyperref Warning: Token not allowed in a PDF string (PDFDocEncoding):
(hyperref)                removing `subscript' on input line 139.


Package hyperref Warning: Token not allowed in a PDF string (PDFDocEncoding):
(hyperref)                removing `math shift' on input line 139.

Missing character: There is no ; in font nullfont!

Overfull \hbox (10.3168pt too wide) in paragraph at lines 176--176
[]\OT1/cmss/m/n/4 s9.tex[]  
 []

[67

]
Missing character: There is no ; in font nullfont!

Overfull \hbox (10.3168pt too wide) in paragraph at lines 219--219
[]\OT1/cmss/m/n/4 s9.tex[]  
 []

[68

]
<../Figures/FlaishonPentoBIS1997.jpg, id=544, 244.2726pt x 196.21304pt>
File: ../Figures/FlaishonPentoBIS1997.jpg Graphic file (type jpg)
<use ../Figures/FlaishonPentoBIS1997.jpg>
Package pdftex.def Info: ../Figures/FlaishonPentoBIS1997.jpg  used on input lin
e 239.
(pdftex.def)             Requested size: 184.3758pt x 148.10251pt.
 [69

 <../Figures/FlaishonPentoBIS1997.jpg>]
<../Figures/FlaishonPropofolBIS1997.jpg, id=550, 244.9953pt x 195.8517pt>
File: ../Figures/FlaishonPropofolBIS1997.jpg Graphic file (type jpg)
<use ../Figures/FlaishonPropofolBIS1997.jpg>
Package pdftex.def Info: ../Figures/FlaishonPropofolBIS1997.jpg  used on input 
line 255.
(pdftex.def)             Requested size: 184.3758pt x 147.39644pt.
 [70

 <../Figures/FlaishonPropofolBIS1997.jpg>]
<../Figures/EtomidatePropofolTPeak.jpg, id=556, 148.8762pt x 88.1694pt>
File: ../Figures/EtomidatePropofolTPeak.jpg Graphic file (type jpg)
<use ../Figures/EtomidatePropofolTPeak.jpg>
Package pdftex.def Info: ../Figures/EtomidatePropofolTPeak.jpg  used on input l
ine 274.
(pdftex.def)             Requested size: 184.3758pt x 109.19302pt.
 [71

 <../Figures/EtomidatePropofolTPeak.jpg>]) (./s10.tex
[72

]
<PKStudy.pdf, id=567, 527.33008pt x 344.16483pt>
File: PKStudy.pdf Graphic file (type pdf)
<use PKStudy.pdf>
Package pdftex.def Info: PKStudy.pdf  used on input line 34.
(pdftex.def)             Requested size: 307.28987pt x 200.55576pt.
 [73

 <./PKStudy.pdf>]
<ForFitSim.pdf, id=589, 364.8461pt x 235.10034pt>
File: ForFitSim.pdf Graphic file (type pdf)
<use ForFitSim.pdf>
Package pdftex.def Info: ForFitSim.pdf  used on input line 52.
(pdftex.def)             Requested size: 227.62204pt x 146.67546pt.
 [74

 <./ForFitSim.pdf>]
Overfull \hbox (12.44183pt too wide) in paragraph at lines 64--64
\OT1/cmss/m/n/4 s10.tex[]  
 []

[75

]
Overfull \hbox (12.44183pt too wide) in paragraph at lines 64--64
\OT1/cmss/m/n/4 s10.tex[]  
 []

[76

]
Overfull \hbox (12.44183pt too wide) in paragraph at lines 64--64
\OT1/cmss/m/n/4 s10.tex[]  
 []

[77

]) (./s11.tex
Overfull \hbox (12.44183pt too wide) in paragraph at lines 28--28
\OT1/cmss/m/n/4 s11.tex[]  
 []

[78

]
Overfull \hbox (12.44183pt too wide) in paragraph at lines 28--28
\OT1/cmss/m/n/4 s11.tex[]  
 []

[79

]
Overfull \hbox (12.44183pt too wide) in paragraph at lines 28--28
\OT1/cmss/m/n/4 s11.tex[]  
 []

[80

]
Overfull \hbox (12.44183pt too wide) in paragraph at lines 28--28
\OT1/cmss/m/n/4 s11.tex[]  
 []

[81

])
Overfull \hbox (12.44183pt too wide) in paragraph at lines 61--61
\OT1/cmss/m/n/4 s11.tex[]  
 []

[82

]
Overfull \hbox (12.44183pt too wide) in paragraph at lines 61--61
\OT1/cmss/m/n/4 s11.tex[]  
 []

[83

]
Overfull \hbox (12.44183pt too wide) in paragraph at lines 61--61
\OT1/cmss/m/n/4 s11.tex[]  
 []

[84

]
Overfull \hbox (12.44183pt too wide) in paragraph at lines 61--61
\OT1/cmss/m/n/4 s11.tex[]  
 []

[85

]
Overfull \hbox (12.44183pt too wide) in paragraph at lines 61--61
\OT1/cmss/m/n/4 s11.tex[]  
 []

[86

] (./hypnotika.tex
Overfull \hbox (23.77809pt too wide) in paragraph at lines 30--30
[]\OT1/cmss/m/n/4 hypnotika.tex[]  
 []

[87

] (./prop01.tex
Overfull \hbox (18.65997pt too wide) in paragraph at lines 32--32
\OT1/cmss/m/n/4 prop01.tex[]  
 []

[88

]
Overfull \hbox (18.65997pt too wide) in paragraph at lines 32--32
\OT1/cmss/m/n/4 prop01.tex[]  
 []

[89

]
Overfull \hbox (18.65997pt too wide) in paragraph at lines 32--32
\OT1/cmss/m/n/4 prop01.tex[]  
 []

[90

]
Overfull \hbox (18.65997pt too wide) in paragraph at lines 32--32
\OT1/cmss/m/n/4 prop01.tex[]  
 []

[91

]
Overfull \hbox (18.65997pt too wide) in paragraph at lines 32--32
\OT1/cmss/m/n/4 prop01.tex[]  
 []

[92

]
Overfull \hbox (18.65997pt too wide) in paragraph at lines 32--32
\OT1/cmss/m/n/4 prop01.tex[]  
 []

[93

]
Overfull \hbox (18.65997pt too wide) in paragraph at lines 32--32
\OT1/cmss/m/n/4 prop01.tex[]  
 []

[94

]
Overfull \hbox (18.65997pt too wide) in paragraph at lines 32--32
\OT1/cmss/m/n/4 prop01.tex[]  
 []

[95

]
Overfull \hbox (18.65997pt too wide) in paragraph at lines 32--32
\OT1/cmss/m/n/4 prop01.tex[]  
 []

[96

])
Overfull \hbox (18.65997pt too wide) in paragraph at lines 35--35
[]\OT1/cmss/m/n/4 prop01.tex[]  
 []

[97

] (./pento01.tex
Overfull \hbox (20.86835pt too wide) in paragraph at lines 31--31
\OT1/cmss/m/n/4 pento01.tex[]  
 []

[98

]
Overfull \hbox (20.86835pt too wide) in paragraph at lines 31--31
\OT1/cmss/m/n/4 pento01.tex[]  
 []

[99

]
Overfull \hbox (20.86835pt too wide) in paragraph at lines 31--31
\OT1/cmss/m/n/4 pento01.tex[]  
 []

[100

]
Overfull \hbox (20.86835pt too wide) in paragraph at lines 31--31
\OT1/cmss/m/n/4 pento01.tex[]  
 []

[101

]
Overfull \hbox (20.86835pt too wide) in paragraph at lines 31--31
\OT1/cmss/m/n/4 pento01.tex[]  
 []

[102

]
Overfull \hbox (20.86835pt too wide) in paragraph at lines 31--31
\OT1/cmss/m/n/4 pento01.tex[]  
 []

[103

]
Overfull \hbox (20.86835pt too wide) in paragraph at lines 31--31
\OT1/cmss/m/n/4 pento01.tex[]  
 []

[104

]
Overfull \hbox (20.86835pt too wide) in paragraph at lines 31--31
\OT1/cmss/m/n/4 pento01.tex[]  
 []

[105

])
Overfull \hbox (20.86835pt too wide) in paragraph at lines 40--40
[]\OT1/cmss/m/n/4 pento01.tex[]  
 []

[106

] (./eto01.tex
Overfull \hbox (16.36134pt too wide) in paragraph at lines 28--28
\OT1/cmss/m/n/4 eto01.tex[]  
 []

[107

]
Overfull \hbox (16.36134pt too wide) in paragraph at lines 28--28
\OT1/cmss/m/n/4 eto01.tex[]  
 []

[108

]
Overfull \hbox (16.36134pt too wide) in paragraph at lines 28--28
\OT1/cmss/m/n/4 eto01.tex[]  
 []

[109

]
Overfull \hbox (16.36134pt too wide) in paragraph at lines 28--28
\OT1/cmss/m/n/4 eto01.tex[]  
 []

[110

]
Overfull \hbox (16.36134pt too wide) in paragraph at lines 28--28
\OT1/cmss/m/n/4 eto01.tex[]  
 []

[111

]
Overfull \hbox (16.36134pt too wide) in paragraph at lines 28--28
\OT1/cmss/m/n/4 eto01.tex[]  
 []

[112

])
Overfull \hbox (16.36134pt too wide) in paragraph at lines 45--45
[]\OT1/cmss/m/n/4 eto01.tex[]  
 []

[113

] (./midaz01.tex
Overfull \hbox (21.285pt too wide) in paragraph at lines 19--19
\OT1/cmss/m/n/4 midaz01.tex[]  
 []

[114

]
Overfull \hbox (21.285pt too wide) in paragraph at lines 19--19
\OT1/cmss/m/n/4 midaz01.tex[]  
 []

[115

]
Overfull \hbox (21.285pt too wide) in paragraph at lines 19--19
\OT1/cmss/m/n/4 midaz01.tex[]  
 []

[116

])pdfTeX warning (ext4): destination with the same identifier (name{hypno<4>}) 
has been already used, duplicate ignored
<to be read again> 
                   \relax 
l.50 \againframe<4>{hypno}
                          
Overfull \hbox (21.285pt too wide) in paragraph at lines 50--50
[]\OT1/cmss/m/n/4 midaz01.tex[]  
 []

[117

] (./ketamine01.tex
Overfull \hbox (26.7087pt too wide) in paragraph at lines 24--24
[]\OT1/cmss/m/n/4 ketamine01.tex[]  
 []

[118

]
Overfull \hbox (26.7087pt too wide) in paragraph at lines 24--24
[]\OT1/cmss/m/n/4 ketamine01.tex[]  
 []

[119

]
Overfull \hbox (26.7087pt too wide) in paragraph at lines 24--24
[]\OT1/cmss/m/n/4 ketamine01.tex[]  
 []

[120

]
Overfull \hbox (26.7087pt too wide) in paragraph at lines 24--24
[]\OT1/cmss/m/n/4 ketamine01.tex[]  
 []

[121

]
Overfull \hbox (26.7087pt too wide) in paragraph at lines 24--24
[]\OT1/cmss/m/n/4 ketamine01.tex[]  
 []

[122

])pdfTeX warning (ext4): destination with the same identifier (name{hypno<4>}) 
has been already used, duplicate ignored
<to be read again> 
                   \relax 
l.55 \againframe<4>{hypno}
                          
Overfull \hbox (26.7087pt too wide) in paragraph at lines 55--55
[]\OT1/cmss/m/n/4 ketamine01.tex[]  
 []

[123

] (./dex01.tex
Overfull \hbox (16.8544pt too wide) in paragraph at lines 24--24
[]\OT1/cmss/m/n/4 dex01.tex[]  
 []

[124

]
Overfull \hbox (16.8544pt too wide) in paragraph at lines 24--24
[]\OT1/cmss/m/n/4 dex01.tex[]  
 []

[125

]
Overfull \hbox (16.8544pt too wide) in paragraph at lines 24--24
[]\OT1/cmss/m/n/4 dex01.tex[]  
 []

[126

]
Overfull \hbox (16.8544pt too wide) in paragraph at lines 24--24
[]\OT1/cmss/m/n/4 dex01.tex[]  
 []

[127

]
Overfull \hbox (16.8544pt too wide) in paragraph at lines 24--24
[]\OT1/cmss/m/n/4 dex01.tex[]  
 []

[128

])) (./opiate.tex
Overfull \hbox (17.36134pt too wide) in paragraph at lines 25--25
\OT1/cmss/m/n/4 opiate.tex[]  
 []

[129

] (./fenta01.tex
Overfull \hbox (19.7711pt too wide) in paragraph at lines 22--22
\OT1/cmss/m/n/4 fenta01.tex[]  
 []

[130

]
Overfull \hbox (19.7711pt too wide) in paragraph at lines 22--22
\OT1/cmss/m/n/4 fenta01.tex[]  
 []

[131

]
Overfull \hbox (19.7711pt too wide) in paragraph at lines 22--22
\OT1/cmss/m/n/4 fenta01.tex[]  
 []

[132

]
Overfull \hbox (19.7711pt too wide) in paragraph at lines 22--22
\OT1/cmss/m/n/4 fenta01.tex[]  
 []

[133

])
Overfull \hbox (19.7711pt too wide) in paragraph at lines 30--30
\OT1/cmss/m/n/4 fenta01.tex[]  
 []

[134

] (./remi01.tex
Overfull \hbox (18.54192pt too wide) in paragraph at lines 26--26
\OT1/cmss/m/n/4 remi01.tex[]  
 []

[135

]
Overfull \hbox (18.54192pt too wide) in paragraph at lines 26--26
\OT1/cmss/m/n/4 remi01.tex[]  
 []

[136

]
Overfull \hbox (18.54192pt too wide) in paragraph at lines 26--26
\OT1/cmss/m/n/4 remi01.tex[]  
 []

[137

]
Overfull \hbox (18.54192pt too wide) in paragraph at lines 26--26
\OT1/cmss/m/n/4 remi01.tex[]  
 []

[138

]
Overfull \hbox (18.54192pt too wide) in paragraph at lines 26--26
\OT1/cmss/m/n/4 remi01.tex[]  
 []

[139

]
Overfull \hbox (18.54192pt too wide) in paragraph at lines 26--26
\OT1/cmss/m/n/4 remi01.tex[]  
 []

[140

])
Overfull \hbox (18.54192pt too wide) in paragraph at lines 36--36
\OT1/cmss/m/n/4 remi01.tex[]  
 []

[141

] (./alfenta01.tex
Overfull \hbox (22.82669pt too wide) in paragraph at lines 26--26
\OT1/cmss/m/n/4 alfenta01.tex[]  
 []

[142

]
Overfull \hbox (22.82669pt too wide) in paragraph at lines 26--26
\OT1/cmss/m/n/4 alfenta01.tex[]  
 []

[143

]
Overfull \hbox (22.82669pt too wide) in paragraph at lines 26--26
\OT1/cmss/m/n/4 alfenta01.tex[]  
 []

[144

]
Overfull \hbox (22.82669pt too wide) in paragraph at lines 26--26
\OT1/cmss/m/n/4 alfenta01.tex[]  
 []

[145

]
Overfull \hbox (22.82669pt too wide) in paragraph at lines 26--26
\OT1/cmss/m/n/4 alfenta01.tex[]  
 []

[146

]
Overfull \hbox (22.82669pt too wide) in paragraph at lines 26--26
\OT1/cmss/m/n/4 alfenta01.tex[]  
 []

[147

])
Overfull \hbox (22.82669pt too wide) in paragraph at lines 41--41
\OT1/cmss/m/n/4 alfenta01.tex[]  
 []

[148

] (./pethidin01.tex
Overfull \hbox (25.16006pt too wide) in paragraph at lines 23--23
\OT1/cmss/m/n/4 pethidin01.tex[]  
 []

[149

]
Overfull \hbox (25.16006pt too wide) in paragraph at lines 23--23
\OT1/cmss/m/n/4 pethidin01.tex[]  
 []

[150

]
Overfull \hbox (25.16006pt too wide) in paragraph at lines 23--23
\OT1/cmss/m/n/4 pethidin01.tex[]  
 []

[151

]
Overfull \hbox (25.16006pt too wide) in paragraph at lines 23--23
\OT1/cmss/m/n/4 pethidin01.tex[]  
 []

[152

])) (./IVPraktisch.tex (./TCIVorgehen.tex [153

] [154

] [155

]
LaTeX Font Info:    Try loading font information for OML+cmss on input line 80.

LaTeX Font Info:    No file OMLcmss.fd. on input line 80.


LaTeX Font Warning: Font shape `OML/cmss/m/n' undefined
(Font)              using `OML/cmm/m/it' instead
(Font)              for symbol `textgreater' on input line 80.

[156

] [157

]) (./tciTechnisches.tex [158

] [159

] [160

] [161

] [162

] [163

] [164

]
[165

])
Overfull \hbox (31.96014pt too wide) in paragraph at lines 28--28
\OT1/cmss/m/n/4 tciTechnisches.tex[]  
 []

[166

]
Overfull \hbox (31.96014pt too wide) in paragraph at lines 28--28
\OT1/cmss/m/n/4 tciTechnisches.tex[]  
 []

[167

]
Overfull \hbox (31.96014pt too wide) in paragraph at lines 28--28
\OT1/cmss/m/n/4 tciTechnisches.tex[]  
 []

[168

]
Overfull \hbox (31.96014pt too wide) in paragraph at lines 28--28
\OT1/cmss/m/n/4 tciTechnisches.tex[]  
 []

[169

]
Overfull \hbox (31.96014pt too wide) in paragraph at lines 28--28
\OT1/cmss/m/n/4 tciTechnisches.tex[]  
 []

[170

]
Overfull \hbox (31.96014pt too wide) in paragraph at lines 28--28
\OT1/cmss/m/n/4 tciTechnisches.tex[]  
 []

[171

]
Overfull \hbox (31.96014pt too wide) in paragraph at lines 28--28
\OT1/cmss/m/n/4 tciTechnisches.tex[]  
 []

[172

]
Overfull \hbox (31.96014pt too wide) in paragraph at lines 28--28
\OT1/cmss/m/n/4 tciTechnisches.tex[]  
 []

[173

]) (./zumRepetieren.tex
Overfull \hbox (32.7921pt too wide) in paragraph at lines 16--16
\OT1/cmss/m/n/4 zumRepetieren.tex[]  
 []

[174

]
Overfull \hbox (32.7921pt too wide) in paragraph at lines 16--16
\OT1/cmss/m/n/4 zumRepetieren.tex[]  
 []

[175

]
Overfull \hbox (32.7921pt too wide) in paragraph at lines 16--16
\OT1/cmss/m/n/4 zumRepetieren.tex[]  
 []

[176

]
Overfull \hbox (32.7921pt too wide) in paragraph at lines 16--16
\OT1/cmss/m/n/4 zumRepetieren.tex[]  
 []

[177

]
Overfull \hbox (32.7921pt too wide) in paragraph at lines 16--16
\OT1/cmss/m/n/4 zumRepetieren.tex[]  
 []

[178

]))
\tf@nav=\write6
\openout6 = `pkBeamer.nav'.

\tf@toc=\write7
\openout7 = `pkBeamer.toc'.

\tf@snm=\write8
\openout8 = `pkBeamer.snm'.

Package atveryend Info: Empty hook `BeforeClearDocument' on input line 43.
Package atveryend Info: Empty hook `AfterLastShipout' on input line 43.
 (./pkBeamer.aux)
Package atveryend Info: Executing hook `AtVeryEndDocument' on input line 43.
Package atveryend Info: Executing hook `AtEndAfterFileList' on input line 43.
Package rerunfilecheck Info: File `pkBeamer.out' has not changed.
(rerunfilecheck)             Checksum: 17F1BC66072AC1924C0B9DE962AF1A45;1439.


LaTeX Font Warning: Some font shapes were not available, defaults substituted.


LaTeX Warning: There were multiply-defined labels.

 ) 
Here is how much of TeX's memory you used:
 22795 strings out of 492616
 435727 string characters out of 6128981
 545492 words of memory out of 5000000
 25687 multiletter control sequences out of 15000+600000
 17150 words of font info for 62 fonts, out of 8000000 for 9000
 1141 hyphenation exceptions out of 8191
 58i,11n,63p,790b,923s stack positions out of 5000i,500n,10000p,200000b,80000s
</usr/local/texlive/2018/texmf-dist/fonts/type1/public/amsfonts/cm/cmmi10.pfb
></usr/local/texlive/2018/texmf-dist/fonts/type1/public/amsfonts/cm/cmmi8.pfb><
/usr/local/texlive/2018/texmf-dist/fonts/type1/public/amsfonts/cm/cmss10.pfb></
usr/local/texlive/2018/texmf-dist/fonts/type1/public/amsfonts/cm/cmss12.pfb></u
sr/local/texlive/2018/texmf-dist/fonts/type1/public/amsfonts/cm/cmss8.pfb></usr
/local/texlive/2018/texmf-dist/fonts/type1/public/amsfonts/cm/cmssbx10.pfb></us
r/local/texlive/2018/texmf-dist/fonts/type1/public/amsfonts/cm/cmssi10.pfb></us
r/local/texlive/2018/texmf-dist/fonts/type1/public/amsfonts/cm/cmssi12.pfb></us
r/local/texlive/2018/texmf-dist/fonts/type1/public/amsfonts/cm/cmssi8.pfb></usr
/local/texlive/2018/texmf-dist/fonts/type1/public/amsfonts/cm/cmsy10.pfb></usr/
local/texlive/2018/texmf-dist/fonts/type1/public/amsfonts/symbols/msam10.pfb>
Output written on pkBeamer.pdf (178 pages, 2419832 bytes).
PDF statistics:
 1289 PDF objects out of 1440 (max. 8388607)
 1022 compressed objects within 11 object streams
 396 named destinations out of 1000 (max. 500000)
 417 words of extra memory for PDF output out of 10000 (max. 10000000)

